# JRE version: Java(TM) SE Runtime Environment (8.0_221-b11) (build 1.8.0_221-b11)
# Java VM: Java HotSpot(TM) 64-Bit Server VM (25.221-b11 mixed mode windows-amd64 compressed oops)
Heap:
 PSYoungGen      total 129024K, used 70783K [0x00000000d5800000, 0x00000000de380000, 0x0000000100000000)
  eden space 123392K, 57% used [0x00000000d5800000,0x00000000d9d0ffb0,0x00000000dd080000)
  from space 5632K, 1% used [0x00000000dde00000,0x00000000dde10000,0x00000000de380000)
  to   space 9728K, 0% used [0x00000000dd080000,0x00000000dd080000,0x00000000dda00000)
 ParOldGen       total 87552K, used 8843K [0x0000000080800000, 0x0000000085d80000, 0x00000000d5800000)
  object space 87552K, 10% used [0x0000000080800000,0x00000000810a2f08,0x0000000085d80000)
 Metaspace       used 16101K, capacity 17040K, committed 17280K, reserved 1064960K
  class space    used 2361K, capacity 2580K, committed 2688K, reserved 1048576K
GC Heap History (10 events):
Event: 11.964 GC heap before
{Heap before GC invocations=4 (full 0):
 PSYoungGen      total 38400K, used 38379K [0x00000000d5800000, 0x00000000da300000, 0x0000000100000000)
  eden space 33280K, 100% used [0x00000000d5800000,0x00000000d7880000,0x00000000d7880000)
  from space 5120K, 99% used [0x00000000d7880000,0x00000000d7d7acb8,0x00000000d7d80000)
  to   space 5120K, 0% used [0x00000000d9e00000,0x00000000d9e00000,0x00000000da300000)
 ParOldGen       total 87552K, used 3748K [0x0000000080800000, 0x0000000085d80000, 0x00000000d5800000)
  object space 87552K, 4% used [0x0000000080800000,0x0000000080ba9338,0x0000000085d80000)
 Metaspace       used 16091K, capacity 17040K, committed 17280K, reserved 1064960K
  class space    used 2361K, capacity 2580K, committed 2688K, reserved 1048576K
Event: 11.973 GC heap after
Heap after GC invocations=4 (full 0):
 PSYoungGen      total 71680K, used 5099K [0x00000000d5800000, 0x00000000da300000, 0x0000000100000000)
  eden space 66560K, 0% used [0x00000000d5800000,0x00000000d5800000,0x00000000d9900000)
  from space 5120K, 99% used [0x00000000d9e00000,0x00000000da2facb8,0x00000000da300000)
  to   space 5120K, 0% used [0x00000000d9900000,0x00000000d9900000,0x00000000d9e00000)
 ParOldGen       total 87552K, used 3772K [0x0000000080800000, 0x0000000085d80000, 0x00000000d5800000)
  object space 87552K, 4% used [0x0000000080800000,0x0000000080baf338,0x0000000085d80000)
 Metaspace       used 16091K, capacity 17040K, committed 17280K, reserved 1064960K
  class space    used 2361K, capacity 2580K, committed 2688K, reserved 1048576K
}
Event: 15.250 GC heap before
{Heap before GC invocations=5 (full 0):
 PSYoungGen      total 71680K, used 71659K [0x00000000d5800000, 0x00000000da300000, 0x0000000100000000)
  eden space 66560K, 100% used [0x00000000d5800000,0x00000000d9900000,0x00000000d9900000)
  from space 5120K, 99% used [0x00000000d9e00000,0x00000000da2facb8,0x00000000da300000)
  to   space 5120K, 0% used [0x00000000d9900000,0x00000000d9900000,0x00000000d9e00000)
 ParOldGen       total 87552K, used 3772K [0x0000000080800000, 0x0000000085d80000, 0x00000000d5800000)
  object space 87552K, 4% used [0x0000000080800000,0x0000000080baf338,0x0000000085d80000)
 Metaspace       used 16092K, capacity 17040K, committed 17280K, reserved 1064960K
  class space    used 2361K, capacity 2580K, committed 2688K, reserved 1048576K
Event: 15.257 GC heap after
Heap after GC invocations=5 (full 0):
 PSYoungGen      total 71680K, used 5096K [0x00000000d5800000, 0x00000000deb00000, 0x0000000100000000)
  eden space 66560K, 0% used [0x00000000d5800000,0x00000000d5800000,0x00000000d9900000)
  from space 5120K, 99% used [0x00000000d9900000,0x00000000d9dfa248,0x00000000d9e00000)
  to   space 8704K, 0% used [0x00000000de280000,0x00000000de280000,0x00000000deb00000)
 ParOldGen       total 87552K, used 3772K [0x0000000080800000, 0x0000000085d80000, 0x00000000d5800000)
  object space 87552K, 4% used [0x0000000080800000,0x0000000080baf338,0x0000000085d80000)
 Metaspace       used 16092K, capacity 17040K, committed 17280K, reserved 1064960K
  class space    used 2361K, capacity 2580K, committed 2688K, reserved 1048576K
}
Event: 16.698 GC heap before
{Heap before GC invocations=6 (full 0):
 PSYoungGen      total 71680K, used 71656K [0x00000000d5800000, 0x00000000deb00000, 0x0000000100000000)
  eden space 66560K, 100% used [0x00000000d5800000,0x00000000d9900000,0x00000000d9900000)
  from space 5120K, 99% used [0x00000000d9900000,0x00000000d9dfa248,0x00000000d9e00000)
  to   space 8704K, 0% used [0x00000000de280000,0x00000000de280000,0x00000000deb00000)
 ParOldGen       total 87552K, used 3772K [0x0000000080800000, 0x0000000085d80000, 0x00000000d5800000)
  object space 87552K, 4% used [0x0000000080800000,0x0000000080baf338,0x0000000085d80000)
 Metaspace       used 16092K, capacity 17040K, committed 17280K, reserved 1064960K
  class space    used 2361K, capacity 2580K, committed 2688K, reserved 1048576K
Event: 16.702 GC heap after
Heap after GC invocations=6 (full 0):
 PSYoungGen      total 141824K, used 5131K [0x00000000d5800000, 0x00000000deb00000, 0x0000000100000000)
  eden space 133120K, 0% used [0x00000000d5800000,0x00000000d5800000,0x00000000dda00000)
  from space 8704K, 58% used [0x00000000de280000,0x00000000de782cb8,0x00000000deb00000)
  to   space 8704K, 0% used [0x00000000dda00000,0x00000000dda00000,0x00000000de280000)
 ParOldGen       total 87552K, used 3780K [0x0000000080800000, 0x0000000085d80000, 0x00000000d5800000)
  object space 87552K, 4% used [0x0000000080800000,0x0000000080bb1338,0x0000000085d80000)
 Metaspace       used 16092K, capacity 17040K, committed 17280K, reserved 1064960K
  class space    used 2361K, capacity 2580K, committed 2688K, reserved 1048576K
}
Event: 21.941 GC heap before
{Heap before GC invocations=7 (full 0):
 PSYoungGen      total 141824K, used 138251K [0x00000000d5800000, 0x00000000deb00000, 0x0000000100000000)
  eden space 133120K, 100% used [0x00000000d5800000,0x00000000dda00000,0x00000000dda00000)
  from space 8704K, 58% used [0x00000000de280000,0x00000000de782cb8,0x00000000deb00000)
  to   space 8704K, 0% used [0x00000000dda00000,0x00000000dda00000,0x00000000de280000)
 ParOldGen       total 87552K, used 3780K [0x0000000080800000, 0x0000000085d80000, 0x00000000d5800000)
  object space 87552K, 4% used [0x0000000080800000,0x0000000080bb1338,0x0000000085d80000)
 Metaspace       used 16101K, capacity 17040K, committed 17280K, reserved 1064960K
  class space    used 2361K, capacity 2580K, committed 2688K, reserved 1048576K
Event: 21.946 GC heap after
Heap after GC invocations=7 (full 0):
 PSYoungGen      total 128512K, used 96K [0x00000000d5800000, 0x00000000de700000, 0x0000000100000000)
  eden space 128000K, 0% used [0x00000000d5800000,0x00000000d5800000,0x00000000dd500000)
  from space 512K, 18% used [0x00000000dda00000,0x00000000dda18000,0x00000000dda80000)
  to   space 9216K, 0% used [0x00000000dde00000,0x00000000dde00000,0x00000000de700000)
 ParOldGen       total 87552K, used 8835K [0x0000000080800000, 0x0000000085d80000, 0x00000000d5800000)
  object space 87552K, 10% used [0x0000000080800000,0x00000000810a0f08,0x0000000085d80000)
 Metaspace       used 16101K, capacity 17040K, committed 17280K, reserved 1064960K
  class space    used 2361K, capacity 2580K, committed 2688K, reserved 1048576K
}
Event: 24.776 GC heap before
{Heap before GC invocations=8 (full 0):
 PSYoungGen      total 128512K, used 128096K [0x00000000d5800000, 0x00000000de700000, 0x0000000100000000)
  eden space 128000K, 100% used [0x00000000d5800000,0x00000000dd500000,0x00000000dd500000)
  from space 512K, 18% used [0x00000000dda00000,0x00000000dda18000,0x00000000dda80000)
  to   space 9216K, 0% used [0x00000000dde00000,0x00000000dde00000,0x00000000de700000)
 ParOldGen       total 87552K, used 8835K [0x0000000080800000, 0x0000000085d80000, 0x00000000d5800000)
  object space 87552K, 10% used [0x0000000080800000,0x00000000810a0f08,0x0000000085d80000)
 Metaspace       used 16101K, capacity 17040K, committed 17280K, reserved 1064960K
  class space    used 2361K, capacity 2580K, committed 2688K, reserved 1048576K
Event: 24.777 GC heap after
Heap after GC invocations=8 (full 0):
 PSYoungGen      total 129024K, used 64K [0x00000000d5800000, 0x00000000de380000, 0x0000000100000000)
  eden space 123392K, 0% used [0x00000000d5800000,0x00000000d5800000,0x00000000dd080000)
  from space 5632K, 1% used [0x00000000dde00000,0x00000000dde10000,0x00000000de380000)
  to   space 9728K, 0% used [0x00000000dd080000,0x00000000dd080000,0x00000000dda00000)
 ParOldGen       total 87552K, used 8843K [0x0000000080800000, 0x0000000085d80000, 0x00000000d5800000)
  object space 87552K, 10% used [0x0000000080800000,0x00000000810a2f08,0x0000000085d80000)
 Metaspace       used 16101K, capacity 17040K, committed 17280K, reserved 1064960K
  class space    used 2361K, capacity 2580K, committed 2688K, reserved 1048576K
}

